<?xml version="1.0" encoding="UTF-8"?>
<testsuite xmlns:xsi="http://www.w3.org/2001/XMLSchema-instance" xsi:noNamespaceSchemaLocation="https://maven.apache.org/surefire/maven-surefire-plugin/xsd/surefire-test-report.xsd" name="runner.TestRunner" time="102.926" tests="14" errors="0" skipped="0" failures="2">
  <properties>
[...]
</properties>
  <testcase name="Login with valid credentials #1" classname="Login Functionality" time="9.049"/>
  <testcase name="Login with valid credentials #2" classname="Login Functionality" time="6.467"/>
  <testcase name="Login with valid credentials #3" classname="Login Functionality" time="6.526"/>
  <testcase name="Login with invalid credentials" classname="Login Functionality" time="7.299"/>
  <testcase name="Login with valid email and invalid password credentials" classname="Login Functionality" time="6.105"/>
  <testcase name="Login with invalid email and valid password credentials" classname="Login Functionality" time="6.298"/>
  <testcase name="Login without any credentials" classname="Login Functionality" time="5.642"/>
  <testcase name="Register with mandatory fields" classname="Register Functionality" time="6.888">
    <failure message="Failing deliberately on purpose" type="java.lang.AssertionError">java.lang.AssertionError: Failing deliberately on purpose
</failure>
    <system-out><![CDATA[
Scenario: Register with mandatory fields            &amp#27;[90m# src/test/resources/features/Register.feature:3&amp#27;[0m
  &amp#27;[32mGiven &amp#27;[0m&amp#27;[32mUser navigates to Register page&amp#27;[0m             &amp#27;[90m# stepdefinitions.RegisterTest.user_navigates_to_register_page()&amp#27;[0m
  &amp#27;[31mWhen &amp#27;[0m&amp#27;[31mUser enters below details with new email&amp#27;[0m     &amp#27;[90m# stepdefinitions.RegisterTest.user_enters_below_details_with_new_email(io.cucumber.datatable.DataTable)&amp#27;[0m
    | First Name       | Balachandram |
    | Last Name        | Kandakatla   |
    | Telephone        | 1234567890   |
    | Password         | 1234         |
    | Password Confirm | 1234         |
      &amp#27;[31mjava.lang.AssertionError: Failing deliberately on purpose
	at org.junit.Assert.fail(Assert.java:88)
	at stepdefinitions.RegisterTest.user_enters_below_details_with_new_email(RegisterTest.java:60)
	at âœ½.User enters below details with new email(file:///D:/Selenium%20Projects/TutorialsNinjaCucumber/src/test/resources/features/Register.feature:5)
&amp#27;[0m
  &amp#27;[36mAnd &amp#27;[0m&amp#27;[36mUser selects Privacy Policy checkbox&amp#27;[0m          &amp#27;[90m# stepdefinitions.RegisterTest.user_selects_privacy_policy_checkbox()&amp#27;[0m
  &amp#27;[36mAnd &amp#27;[0m&amp#27;[36mUser clicks on Continue button&amp#27;[0m                &amp#27;[90m# stepdefinitions.RegisterTest.user_clicks_on_continue_button()&amp#27;[0m
  &amp#27;[36mThen &amp#27;[0m&amp#27;[36mUser Account should get created successfully&amp#27;[0m &amp#27;[90m# stepdefinitions.RegisterTest.user_account_should_get_created_successfully()&amp#27;[0m

    Embedding Register_with_mandatory_fields [image/png 85081 bytes]

]]></system-out>
    <system-err><![CDATA[Starting Microsoft Edge WebDriver 110.0.1587.57 (01109f62642156c7eedb96d3c6fce911f01a896c) on port 32863
To submit feedback, report a bug, or suggest new features, please visit https://github.com/MicrosoftEdge/EdgeWebDriver

Only local connections are allowed.
Please see https://aka.ms/WebDriverSecurity for suggestions on keeping Microsoft Edge WebDriver safe.

Microsoft Edge WebDriver was started successfully.
[1677532708.377][WARNING]: virtual void DevToolsClientImpl::AddListener(DevToolsEventListener *) subscribing a listener to the already connected DevToolsClient. Connection notification will not arrive.
]]></system-err>
  </testcase>
  <testcase name="Register with All fields" classname="Register Functionality" time="6.86">
    <failure message="Failing deliberately on purpose" type="java.lang.AssertionError">java.lang.AssertionError: Failing deliberately on purpose
</failure>
    <system-out><![CDATA[
Scenario: Register with All fields                  &amp#27;[90m# src/test/resources/features/Register.feature:15&amp#27;[0m
  &amp#27;[32mGiven &amp#27;[0m&amp#27;[32mUser navigates to Register page&amp#27;[0m             &amp#27;[90m# stepdefinitions.RegisterTest.user_navigates_to_register_page()&amp#27;[0m
  &amp#27;[31mWhen &amp#27;[0m&amp#27;[31mUser enters below details with new email&amp#27;[0m     &amp#27;[90m# stepdefinitions.RegisterTest.user_enters_below_details_with_new_email(io.cucumber.datatable.DataTable)&amp#27;[0m
    | First Name       | Balachandram |
    | Last Name        | Kandakatla   |
    | Telephone        | 1234567890   |
    | Password         | 1234         |
    | Password Confirm | 1234         |
      &amp#27;[31mjava.lang.AssertionError: Failing deliberately on purpose
	at org.junit.Assert.fail(Assert.java:88)
	at stepdefinitions.RegisterTest.user_enters_below_details_with_new_email(RegisterTest.java:60)
	at âœ½.User enters below details with new email(file:///D:/Selenium%20Projects/TutorialsNinjaCucumber/src/test/resources/features/Register.feature:17)
&amp#27;[0m
  &amp#27;[36mAnd &amp#27;[0m&amp#27;[36mUser select Yes for newsletter&amp#27;[0m                &amp#27;[90m# stepdefinitions.RegisterTest.user_select_yes_for_newsletter()&amp#27;[0m
  &amp#27;[36mAnd &amp#27;[0m&amp#27;[36mUser selects Privacy Policy checkbox&amp#27;[0m          &amp#27;[90m# stepdefinitions.RegisterTest.user_selects_privacy_policy_checkbox()&amp#27;[0m
  &amp#27;[36mAnd &amp#27;[0m&amp#27;[36mUser clicks on Continue button&amp#27;[0m                &amp#27;[90m# stepdefinitions.RegisterTest.user_clicks_on_continue_button()&amp#27;[0m
  &amp#27;[36mThen &amp#27;[0m&amp#27;[36mUser Account should get created successfully&amp#27;[0m &amp#27;[90m# stepdefinitions.RegisterTest.user_account_should_get_created_successfully()&amp#27;[0m

    Embedding Register_with_All_fields [image/png 85125 bytes]

]]></system-out>
    <system-err><![CDATA[Starting Microsoft Edge WebDriver 110.0.1587.57 (01109f62642156c7eedb96d3c6fce911f01a896c) on port 17952
To submit feedback, report a bug, or suggest new features, please visit https://github.com/MicrosoftEdge/EdgeWebDriver

Only local connections are allowed.
Please see https://aka.ms/WebDriverSecurity for suggestions on keeping Microsoft Edge WebDriver safe.

Microsoft Edge WebDriver was started successfully.
[1677532715.201][WARNING]: virtual void DevToolsClientImpl::AddListener(DevToolsEventListener *) subscribing a listener to the already connected DevToolsClient. Connection notification will not arrive.
]]></system-err>
  </testcase>
  <testcase name="Register with existing email" classname="Register Functionality" time="7.361"/>
  <testcase name="Register without filling any details" classname="Register Functionality" time="7.334"/>
  <testcase name="User search with valid product" classname="Search Functionality" time="6.628"/>
  <testcase name="User search without any prouct in search field" classname="Search Functionality" time="6.198"/>
  <testcase name="User search with invalid product" classname="Search Functionality" time="6.23"/>
</testsuite>